<?xml version='1.0' encoding='UTF-8' ?>
<testsuite name="com.toonai.budgetshield.NavigationSmokeTest" tests="43" failures="0" errors="0" skipped="0" time="74.515" timestamp="2026-07-20T02:47:24" hostname="localhost">
  <properties>
    <property name="device" value="OpenClaw_API34(AVD) - 14" />
    <property name="flavor" value="" />
    <property name="project" value=":app" />
  </properties>
  <testcase name="transactionDetailsReachable" classname="com.toonai.budgetshield.NavigationSmokeTest" time="2.82" />
  <testcase name="nestedNavigationStatsToGoalsAndBack" classname="com.toonai.budgetshield.NavigationSmokeTest" time="3.106" />
  <testcase name="treasureDestinationReachable" classname="com.toonai.budgetshield.NavigationSmokeTest" time="2.078" />
  <testcase name="settingsDestinationReachable" classname="com.toonai.budgetshield.NavigationSmokeTest" time="1.786" />
  <testcase name="appLaunchesAndShowsSetupQuest" classname="com.toonai.budgetshield.NavigationSmokeTest" time="0.975" />
  <testcase name="billsDestinationReachable" classname="com.toonai.budgetshield.NavigationSmokeTest" time="1.894" />
  <testcase name="shieldProgressionReachable" classname="com.toonai.budgetshield.NavigationSmokeTest" time="1.79" />
  <testcase name="treasureAndBillsAreDistinct" classname="com.toonai.budgetshield.NavigationSmokeTest" time="2.109" />
  <testcase name="billEntryScreenReachable" classname="com.toonai.budgetshield.NavigationSmokeTest" time="2.254" />
  <testcase name="homeToBillsAndBackReturnsToHome" classname="com.toonai.budgetshield.NavigationSmokeTest" time="1.637" />
  <testcase name="treasureFiveSectionsInteractiveWithHonestEmptyStates" classname="com.toonai.budgetshield.NavigationSmokeTest" time="3.005" />
  <testcase name="allFourteenDestinationsVerified" classname="com.toonai.budgetshield.NavigationSmokeTest" time="1.938" />
  <testcase name="goalsDestinationReachable" classname="com.toonai.budgetshield.NavigationSmokeTest" time="1.438" />
  <testcase name="billPaymentFlowNavigatesToBillProtected" classname="com.toonai.budgetshield.NavigationSmokeTest" time="1.728" />
  <testcase name="backFromHomeExitsActivity" classname="com.toonai.budgetshield.NavigationSmokeTest" time="1.304" />
  <testcase name="completeSetupQuestNavigatesToHomeAndReplacesStack" classname="com.toonai.budgetshield.NavigationSmokeTest" time="1.233" />
  <testcase name="treasureContainsNoBillElements" classname="com.toonai.budgetshield.NavigationSmokeTest" time="1.485" />
  <testcase name="savingsEntryScreenReachable" classname="com.toonai.budgetshield.NavigationSmokeTest" time="1.504" />
  <testcase name="incomeEntryScreenReachable" classname="com.toonai.budgetshield.NavigationSmokeTest" time="1.752" />
  <testcase name="statsDestinationReachable" classname="com.toonai.budgetshield.NavigationSmokeTest" time="1.99" />
  <testcase name="billNavigationFromHome" classname="com.toonai.budgetshield.PersistentFooterTest" time="1.259" />
  <testcase name="footerVisibleOnGoals" classname="com.toonai.budgetshield.PersistentFooterTest" time="1.531" />
  <testcase name="footerVisibleOnStats" classname="com.toonai.budgetshield.PersistentFooterTest" time="1.515" />
  <testcase name="footerLabelsMaintainClearanceAfterScrolling" classname="com.toonai.budgetshield.PersistentFooterTest" time="2.136" />
  <testcase name="treasureTabNavigationAndSelection" classname="com.toonai.budgetshield.PersistentFooterTest" time="1.46" />
  <testcase name="footerVisibleOnBillsScreen" classname="com.toonai.budgetshield.PersistentFooterTest" time="1.46" />
  <testcase name="footerVisibleOnHome" classname="com.toonai.budgetshield.PersistentFooterTest" time="1.322" />
  <testcase name="statsTabNavigationAndSelection" classname="com.toonai.budgetshield.PersistentFooterTest" time="1.413" />
  <testcase name="scrollableContentNotHiddenBehindFooter" classname="com.toonai.budgetshield.PersistentFooterTest" time="1.555" />
  <testcase name="billEntryNavigationFromBills" classname="com.toonai.budgetshield.PersistentFooterTest" time="1.753" />
  <testcase name="homeTabNavigationAndSelection" classname="com.toonai.budgetshield.PersistentFooterTest" time="1.596" />
  <testcase name="settingsTabNavigationAndSelection" classname="com.toonai.budgetshield.PersistentFooterTest" time="1.459" />
  <testcase name="goalsTabNavigationAndSelection" classname="com.toonai.budgetshield.PersistentFooterTest" time="1.466" />
  <testcase name="backNavigationFromBillEntryReturnsToBills" classname="com.toonai.budgetshield.PersistentFooterTest" time="1.764" />
  <testcase name="footerBoundsRemainFixedAfterScrollingSettings" classname="com.toonai.budgetshield.PersistentFooterTest" time="1.966" />
  <testcase name="footerNavItemsHaveClearance_AllVisible" classname="com.toonai.budgetshield.PersistentFooterTest" time="1.433" />
  <testcase name="footerVisibleOnTreasure" classname="com.toonai.budgetshield.PersistentFooterTest" time="1.39" />
  <testcase name="footerVisibleOnSettings" classname="com.toonai.budgetshield.PersistentFooterTest" time="2.012" />
  <testcase name="footerExtendsToBottomEdge" classname="com.toonai.budgetshield.PersistentFooterTest" time="1.029" />
  <testcase name="footerVisibleOnBillEntryScreen" classname="com.toonai.budgetshield.PersistentFooterTest" time="1.622" />
  <testcase name="footerBoundsRemainFixedAfterScrollingStats" classname="com.toonai.budgetshield.PersistentFooterTest" time="1.947" />
  <testcase name="footerTabsAllVisible" classname="com.toonai.budgetshield.PersistentFooterTest" time="1.274" />
  <testcase name="footerVisibleOnSetupQuest" classname="com.toonai.budgetshield.PersistentFooterTest" time="1.261" />
</testsuite>